2025-01-15 09:56:44,774 - INFO - DataProcessing instance initialized.
2025-01-15 09:56:45,787 - INFO - Data loaded successfully from artifacts/raw/animelist.csv. Shape: (5000000, 3)
2025-01-15 09:56:45,950 - INFO - Filtered users with at least 400 ratings. Remaining data shape: (3246641, 3)
2025-01-15 09:56:47,141 - INFO - Ratings scaled between 0 and 1.
2025-01-15 09:56:47,282 - INFO - User and anime encoding completed.
2025-01-15 09:56:47,910 - INFO - Data split into training and testing sets.
2025-01-15 09:56:47,910 - INFO - user2user_encoded saved successfully.
2025-01-15 09:56:47,925 - INFO - user2user_decoded saved successfully.
2025-01-15 09:56:47,957 - INFO - anime2anime_encoded saved successfully.
2025-01-15 09:56:48,003 - INFO - anime2anime_decoded saved successfully.
2025-01-15 09:56:52,623 - INFO - Processed data and rating DataFrame saved successfully.
2025-01-15 09:56:52,623 - INFO - Data processing pipeline completed successfully.
2025-01-15 11:09:53,612 - INFO - DataProcessing instance initialized.
2025-01-15 11:09:54,791 - INFO - Data loaded successfully from artifacts/raw/animelist.csv. Shape: (5000000, 3)
2025-01-15 11:09:54,971 - INFO - Filtered users with at least 400 ratings. Remaining data shape: (3246641, 3)
2025-01-15 11:09:56,369 - INFO - Ratings scaled between 0 and 1.
2025-01-15 11:09:56,528 - INFO - User and anime encoding completed.
2025-01-15 11:09:57,281 - INFO - Data split into training and testing sets.
2025-01-15 11:09:57,281 - INFO - user2user_encoded saved successfully.
2025-01-15 11:09:57,296 - INFO - user2user_decoded saved successfully.
2025-01-15 11:09:57,329 - INFO - anime2anime_encoded saved successfully.
2025-01-15 11:09:57,359 - INFO - anime2anime_decoded saved successfully.
2025-01-15 11:10:02,146 - INFO - Processed data and rating DataFrame saved successfully.
2025-01-15 11:10:02,146 - INFO - Data processing pipeline completed successfully.
2025-01-15 11:10:29,159 - INFO - Succesfully read the YAML file
2025-01-15 11:10:33,141 - INFO - Comet experiment initialized in online mode.
2025-01-15 11:10:33,305 - INFO - Successfully loaded data
2025-01-15 11:10:33,357 - INFO - Succesfully read the YAML file
2025-01-15 11:10:33,357 - INFO - Successfully loaded configuration from config/config.yaml
2025-01-15 11:10:34,079 - INFO - Model created successfully
2025-01-15 11:11:23,225 - INFO - Model training completed successfully
2025-01-15 11:11:23,225 - INFO - Epoch 1: Training Loss = 0.802106499671936, Validation Loss = 0.7627993822097778
2025-01-15 11:11:23,226 - INFO - Epoch 2: Training Loss = 0.7985469102859497, Validation Loss = 0.8224771618843079
2025-01-15 11:11:23,226 - INFO - Epoch 3: Training Loss = 0.7925528287887573, Validation Loss = 0.8246675133705139
2025-01-15 11:11:23,227 - INFO - Epoch 4: Training Loss = 0.7838909029960632, Validation Loss = 0.8207933902740479
2025-01-15 11:11:23,228 - WARNING - You are saving your model as an HDF5 file via `model.save()` or `keras.saving.save_model(model)`. This file format is considered legacy. We recommend using instead the native Keras format, e.g. `model.save('my_model.keras')` or `keras.saving.save_model(model, 'my_model.keras')`. 
2025-01-15 11:11:23,309 - INFO - Model saved successfully to ./artifacts/model/model.h5
2025-01-15 11:11:23,324 - INFO - User and anime weights saved successfully
2025-01-15 11:43:12,887 - INFO - DataProcessing instance initialized.
2025-01-15 11:43:14,148 - INFO - Data loaded successfully from artifacts/raw/animelist.csv. Shape: (5000000, 3)
2025-01-15 11:43:14,463 - INFO - Filtered users with at least 400 ratings. Remaining data shape: (3246641, 3)
2025-01-15 11:43:15,980 - INFO - Ratings scaled between 0 and 1.
2025-01-15 11:43:16,158 - INFO - User and anime encoding completed.
2025-01-15 11:43:16,814 - INFO - Data split into training and testing sets.
2025-01-15 11:43:16,814 - INFO - user2user_encoded saved successfully.
2025-01-15 11:43:16,834 - INFO - user2user_decoded saved successfully.
2025-01-15 11:43:16,861 - INFO - anime2anime_encoded saved successfully.
2025-01-15 11:43:16,908 - INFO - anime2anime_decoded saved successfully.
2025-01-15 11:43:26,160 - INFO - Processed data and rating DataFrame saved successfully.
2025-01-15 11:43:31,601 - ERROR - Error in D:\COURSE-TESTING-2\src\data_processing.py , line 147 : Error during anime data processing.
2025-01-15 11:43:31,601 - ERROR - Error in D:\COURSE-TESTING-2\src\data_processing.py , line 147 : Error during anime data processing.
2025-01-15 11:51:52,380 - INFO - DataProcessing instance initialized.
2025-01-15 11:51:53,544 - INFO - Data loaded successfully from artifacts/raw/animelist.csv. Shape: (5000000, 3)
2025-01-15 11:51:53,746 - INFO - Filtered users with at least 400 ratings. Remaining data shape: (3246641, 3)
2025-01-15 11:51:54,892 - INFO - Ratings scaled between 0 and 1.
2025-01-15 11:51:55,033 - INFO - User and anime encoding completed.
2025-01-15 11:51:55,565 - INFO - Data split into training and testing sets.
2025-01-15 11:51:55,583 - INFO - user2user_encoded saved successfully.
2025-01-15 11:51:55,583 - INFO - user2user_decoded saved successfully.
2025-01-15 11:51:55,614 - INFO - anime2anime_encoded saved successfully.
2025-01-15 11:51:55,644 - INFO - anime2anime_decoded saved successfully.
2025-01-15 11:52:00,550 - INFO - Processed data and rating DataFrame saved successfully.
2025-01-15 11:52:05,930 - ERROR - Error in D:\COURSE-TESTING-2\src\data_processing.py , line 147 : Error during anime data processing.
2025-01-15 11:52:05,930 - ERROR - Error in D:\COURSE-TESTING-2\src\data_processing.py , line 147 : Error during anime data processing.
2025-01-15 11:54:43,562 - INFO - DataProcessing instance initialized.
2025-01-15 11:54:44,741 - INFO - Data loaded successfully from artifacts/raw/animelist.csv. Shape: (5000000, 3)
2025-01-15 11:54:44,898 - INFO - Filtered users with at least 400 ratings. Remaining data shape: (3246641, 3)
2025-01-15 11:54:46,043 - INFO - Ratings scaled between 0 and 1.
2025-01-15 11:54:46,184 - INFO - User and anime encoding completed.
2025-01-15 11:54:46,827 - INFO - Data split into training and testing sets.
2025-01-15 11:54:46,827 - INFO - user2user_encoded saved successfully.
2025-01-15 11:54:46,842 - INFO - user2user_decoded saved successfully.
2025-01-15 11:54:46,875 - INFO - anime2anime_encoded saved successfully.
2025-01-15 11:54:46,906 - INFO - anime2anime_decoded saved successfully.
2025-01-15 11:54:51,795 - INFO - Processed data and rating DataFrame saved successfully.
2025-01-15 11:54:57,489 - INFO - Anime data processed and saved successfully.
2025-01-15 11:54:57,489 - INFO - Data processing pipeline completed successfully.
2025-01-15 12:05:38,487 - INFO - DataProcessing instance initialized.
2025-01-15 12:05:39,553 - INFO - Data loaded successfully from artifacts/raw/animelist.csv. Shape: (5000000, 3)
2025-01-15 12:05:39,724 - INFO - Filtered users with at least 400 ratings. Remaining data shape: (3246641, 3)
2025-01-15 12:05:40,970 - INFO - Ratings scaled between 0 and 1.
2025-01-15 12:05:41,183 - INFO - User and anime encoding completed.
2025-01-15 12:05:41,934 - INFO - Data split into training and testing sets.
2025-01-15 12:05:41,948 - INFO - user2user_encoded saved successfully.
2025-01-15 12:05:41,948 - INFO - user2user_decoded saved successfully.
2025-01-15 12:05:41,990 - INFO - anime2anime_encoded saved successfully.
2025-01-15 12:05:42,015 - INFO - anime2anime_decoded saved successfully.
2025-01-15 12:05:46,865 - INFO - Processed data and rating DataFrame saved successfully.
2025-01-15 12:05:53,181 - INFO - Anime data processed and saved successfully.
2025-01-15 12:05:53,198 - INFO - Data processing pipeline completed successfully.
2025-01-15 12:20:18,809 - INFO - DataProcessing instance initialized.
2025-01-15 12:20:19,921 - INFO - Data loaded successfully from artifacts/raw/animelist.csv. Shape: (5000000, 3)
2025-01-15 12:20:20,091 - INFO - Filtered users with at least 400 ratings. Remaining data shape: (3246641, 3)
2025-01-15 12:20:21,381 - INFO - Ratings scaled between 0 and 1.
2025-01-15 12:20:21,553 - INFO - User and anime encoding completed.
2025-01-15 12:20:22,323 - INFO - Data split into training and testing sets.
2025-01-15 12:20:22,338 - INFO - user2user_encoded saved successfully.
2025-01-15 12:20:22,339 - INFO - user2user_decoded saved successfully.
2025-01-15 12:20:22,373 - INFO - anime2anime_encoded saved successfully.
2025-01-15 12:20:22,404 - INFO - anime2anime_decoded saved successfully.
2025-01-15 12:20:27,816 - INFO - Processed data and rating DataFrame saved successfully.
2025-01-15 12:20:37,686 - INFO - Anime data processed and saved successfully.
2025-01-15 12:20:37,692 - INFO - Data processing pipeline completed successfully.
2025-01-15 12:21:28,744 - INFO - DataProcessing instance initialized.
2025-01-15 12:21:29,797 - INFO - Data loaded successfully from artifacts/raw/animelist.csv. Shape: (5000000, 3)
2025-01-15 12:21:29,953 - INFO - Filtered users with at least 400 ratings. Remaining data shape: (3246641, 3)
2025-01-15 12:21:31,067 - INFO - Ratings scaled between 0 and 1.
2025-01-15 12:21:31,208 - INFO - User and anime encoding completed.
2025-01-15 12:21:31,852 - INFO - Data split into training and testing sets.
2025-01-15 12:21:31,854 - INFO - user2user_encoded saved successfully.
2025-01-15 12:21:31,867 - INFO - user2user_decoded saved successfully.
2025-01-15 12:21:31,882 - INFO - anime2anime_encoded saved successfully.
2025-01-15 12:21:31,914 - INFO - anime2anime_decoded saved successfully.
2025-01-15 14:37:19,306 - INFO - Succesfully read the YAML file
2025-01-15 14:37:19,306 - INFO - Data Ingestion started with mlops-project-2 and files are anime.csv, anime_with_synopsis.csv, animelist.csv
2025-01-15 14:37:19,306 - INFO - Starting data ingestion process
2025-01-15 14:37:25,169 - INFO - CSV file 'anime.csv' successfully downloaded to artifacts/raw\anime.csv
2025-01-15 14:37:27,883 - INFO - CSV file 'anime_with_synopsis.csv' successfully downloaded to artifacts/raw\anime_with_synopsis.csv
2025-01-15 14:40:32,429 - INFO - Large file animelist.csv downloaded, now reading the first 50 lakh rows.
2025-01-15 14:40:38,108 - INFO - 50 Lakh rows of animelist.csv saved to artifacts/raw\animelist.csv
2025-01-15 14:40:38,126 - INFO - Data ingestion completed successfully
2025-01-15 14:40:38,126 - INFO - Data ingestion completed
2025-01-15 14:40:38,126 - INFO - DataProcessing instance initialized.
2025-01-15 14:40:39,131 - INFO - Data loaded successfully from artifacts/raw/animelist.csv. Shape: (5000000, 3)
2025-01-15 14:40:39,315 - INFO - Filtered users with at least 400 ratings. Remaining data shape: (3246641, 3)
2025-01-15 14:40:40,427 - INFO - Ratings scaled between 0 and 1.
2025-01-15 14:40:40,556 - INFO - User and anime encoding completed.
2025-01-15 14:40:41,150 - INFO - Data split into training and testing sets.
2025-01-15 14:40:41,166 - INFO - user2user_encoded saved successfully.
2025-01-15 14:40:41,166 - INFO - user2user_decoded saved successfully.
2025-01-15 14:40:41,197 - INFO - anime2anime_encoded saved successfully.
2025-01-15 14:40:41,228 - INFO - anime2anime_decoded saved successfully.
2025-01-15 14:40:45,307 - INFO - Processed data and rating DataFrame saved successfully.
2025-01-15 14:40:58,748 - INFO - Anime data processed and saved successfully.
2025-01-15 14:40:58,748 - INFO - Data processing pipeline completed successfully.
2025-01-15 14:40:58,748 - INFO - Succesfully read the YAML file
2025-01-15 14:41:02,506 - INFO - Comet experiment initialized in online mode.
2025-01-15 14:41:02,723 - INFO - Successfully loaded data
2025-01-15 14:41:02,778 - INFO - Succesfully read the YAML file
2025-01-15 14:41:02,778 - INFO - Successfully loaded configuration from config/config.yaml
2025-01-15 14:41:04,032 - INFO - Model created successfully
2025-01-15 14:42:02,951 - INFO - Model training completed successfully
2025-01-15 14:42:02,951 - INFO - Epoch 1: Training Loss = 0.7633904814720154, Validation Loss = 0.699209988117218
2025-01-15 14:42:02,951 - INFO - Epoch 2: Training Loss = 0.7600810527801514, Validation Loss = 0.740727424621582
2025-01-15 14:42:02,951 - INFO - Epoch 3: Training Loss = 0.7545970678329468, Validation Loss = 0.7612820863723755
2025-01-15 14:42:02,951 - INFO - Epoch 4: Training Loss = 0.7468885779380798, Validation Loss = 0.7586341500282288
2025-01-15 14:42:02,951 - WARNING - You are saving your model as an HDF5 file via `model.save()` or `keras.saving.save_model(model)`. This file format is considered legacy. We recommend using instead the native Keras format, e.g. `model.save('my_model.keras')` or `keras.saving.save_model(model, 'my_model.keras')`. 
2025-01-15 14:42:03,018 - INFO - Model saved successfully to ./artifacts/model/model.h5
2025-01-15 14:42:03,050 - INFO - User and anime weights saved successfully
